<?xml version="1.0" encoding="UTF-8"?>
<testng-results ignored="0" total="5" passed="5" failed="0" skipped="0">
  <reporter-output>
  </reporter-output>
  <suite started-at="2024-02-15T18:52:46 IST" name="Suite" finished-at="2024-02-15T18:55:43 IST" duration-ms="176777">
    <groups>
    </groups>
    <test started-at="2024-02-15T18:52:46 IST" name="Test1" finished-at="2024-02-15T18:55:43 IST" duration-ms="176777">
      <class name="TestCases.TC_003_GiftCards">
        <test-method is-config="true" signature="setUp(java.lang.String,java.lang.String)[pri:0, instance:TestCases.TC_003_GiftCards@6743e411]" started-at="2024-02-15T18:52:47 IST" name="setUp" finished-at="2024-02-15T18:53:00 IST" duration-ms="12952" status="PASS">
          <params>
            <param index="0">
              <value>
                <![CDATA[Windows]]>
              </value>
            </param>
            <param index="1">
              <value>
                <![CDATA[chrome]]>
              </value>
            </param>
          </params>
          <reporter-output>
          </reporter-output>
        </test-method> <!-- setUp -->
        <test-method signature="searchbookshelves()[pri:1, instance:TestCases.TC_003_GiftCards@6743e411]" started-at="2024-02-15T18:53:00 IST" name="searchbookshelves" finished-at="2024-02-15T18:53:40 IST" duration-ms="40341" status="PASS">
          <reporter-output>
          </reporter-output>
        </test-method> <!-- searchbookshelves -->
        <test-method signature="Items()[pri:3, instance:TestCases.TC_003_GiftCards@6743e411]" started-at="2024-02-15T18:53:41 IST" name="Items" finished-at="2024-02-15T18:53:56 IST" duration-ms="15638" status="PASS">
          <reporter-output>
          </reporter-output>
        </test-method> <!-- Items -->
        <test-method signature="ClickGiftCards(java.lang.String,java.lang.String,java.lang.String,java.lang.String,java.lang.String,java.lang.String,java.lang.String,java.lang.String,java.lang.String,java.lang.String,java.lang.String)[pri:4, instance:TestCases.TC_003_GiftCards@6743e411]" started-at="2024-02-15T18:53:58 IST" name="ClickGiftCards" data-provider="giftData" finished-at="2024-02-15T18:55:07 IST" duration-ms="68066" status="PASS">
          <params>
            <param index="0">
              <value>
                <![CDATA[1100]]>
              </value>
            </param>
            <param index="1">
              <value>
                <![CDATA[Reggie]]>
              </value>
            </param>
            <param index="2">
              <value>
                <![CDATA[ReggieRex@outlook.com]]>
              </value>
            </param>
            <param index="3">
              <value>
                <![CDATA[8945474835]]>
              </value>
            </param>
            <param index="4">
              <value>
                <![CDATA[Victor]]>
              </value>
            </param>
            <param index="5">
              <value>
                <![CDATA[VictorVon@hotmail.com]]>
              </value>
            </param>
            <param index="6">
              <value>
                <![CDATA[8234776323]]>
              </value>
            </param>
            <param index="7">
              <value>
                <![CDATA[Nagavara]]>
              </value>
            </param>
            <param index="8">
              <value>
                <![CDATA[560045]]>
              </value>
            </param>
            <param index="9">
              <value>
                <![CDATA[Bangalore]]>
              </value>
            </param>
            <param index="10">
              <value>
                <![CDATA[VictorVon@outlook]]>
              </value>
            </param>
          </params>
          <reporter-output>
          </reporter-output>
        </test-method> <!-- ClickGiftCards -->
        <test-method signature="GetErrorMsg()[pri:6, instance:TestCases.TC_003_GiftCards@6743e411]" started-at="2024-02-15T18:55:07 IST" name="GetErrorMsg" finished-at="2024-02-15T18:55:18 IST" duration-ms="11149" status="PASS">
          <reporter-output>
          </reporter-output>
        </test-method> <!-- GetErrorMsg -->
        <test-method signature="ValidateDetails(java.lang.String,java.lang.String,java.lang.String,java.lang.String,java.lang.String,java.lang.String,java.lang.String,java.lang.String,java.lang.String,java.lang.String,java.lang.String)[pri:7, instance:TestCases.TC_003_GiftCards@6743e411]" started-at="2024-02-15T18:55:20 IST" name="ValidateDetails" data-provider="giftData" finished-at="2024-02-15T18:55:40 IST" duration-ms="20330" status="PASS">
          <params>
            <param index="0">
              <value>
                <![CDATA[1100]]>
              </value>
            </param>
            <param index="1">
              <value>
                <![CDATA[Reggie]]>
              </value>
            </param>
            <param index="2">
              <value>
                <![CDATA[ReggieRex@outlook.com]]>
              </value>
            </param>
            <param index="3">
              <value>
                <![CDATA[8945474835]]>
              </value>
            </param>
            <param index="4">
              <value>
                <![CDATA[Victor]]>
              </value>
            </param>
            <param index="5">
              <value>
                <![CDATA[VictorVon@hotmail.com]]>
              </value>
            </param>
            <param index="6">
              <value>
                <![CDATA[8234776323]]>
              </value>
            </param>
            <param index="7">
              <value>
                <![CDATA[Nagavara]]>
              </value>
            </param>
            <param index="8">
              <value>
                <![CDATA[560045]]>
              </value>
            </param>
            <param index="9">
              <value>
                <![CDATA[Bangalore]]>
              </value>
            </param>
            <param index="10">
              <value>
                <![CDATA[VictorVon@outlook]]>
              </value>
            </param>
          </params>
          <reporter-output>
          </reporter-output>
        </test-method> <!-- ValidateDetails -->
        <test-method is-config="true" signature="tearDown()[pri:0, instance:TestCases.TC_003_GiftCards@6743e411]" started-at="2024-02-15T18:55:42 IST" name="tearDown" finished-at="2024-02-15T18:55:43 IST" duration-ms="1468" status="PASS">
          <reporter-output>
          </reporter-output>
        </test-method> <!-- tearDown -->
      </class> <!-- TestCases.TC_003_GiftCards -->
    </test> <!-- Test1 -->
  </suite> <!-- Suite -->
</testng-results>
